<?xml version="1.0" encoding="UTF-8"?>
<!-- Generated by org.testng.reporters.JUnitReportReporter -->
<testsuite skipped="0" hostname="LTUS000692" name="sth.ipvs.IPVSCapabilitiesTest" tests="2" failures="0" timestamp="14 Jan 2019 07:55:26 GMT" time="5.405" errors="0">
  <testcase name="ipvscapabilitiescallCHTR" time="4.647" classname="sth.ipvs.IPVSCapabilitiesTest"/>
  <testcase name="ipvscapabilitiescallTWC" time="0.758" classname="sth.ipvs.IPVSCapabilitiesTest"/>
</testsuite> <!-- sth.ipvs.IPVSCapabilitiesTest -->
