<?xml version="1.0" encoding="UTF-8"?>
<!-- Generated by org.testng.reporters.JUnitReportReporter -->
<testsuite skipped="0" hostname="LTUS000692" name="sth.ipvs.IPVSSmartTvTest" tests="26" failures="0" timestamp="30 Apr 2019 04:57:54 GMT" time="28.790" errors="2">
  <testcase name="lineupapiCHTR" time="0.366" classname="sth.ipvs.IPVSSmartTvTest"/>
  <testcase name="fipsapiTWC" time="0.372" classname="sth.ipvs.IPVSSmartTvTest"/>
  <testcase name="parentalcontrolcallTWC" time="0.370" classname="sth.ipvs.IPVSSmartTvTest"/>
  <testcase name="watchListapiTWC" time="0.452" classname="sth.ipvs.IPVSSmartTvTest"/>
  <testcase name="parentalBlockedChannelsapiCHTR" time="3.056" classname="sth.ipvs.IPVSSmartTvTest"/>
  <testcase name="adobesessionCHTR" time="0.464" classname="sth.ipvs.IPVSSmartTvTest"/>
  <testcase name="linuepapiTWC" time="0.362" classname="sth.ipvs.IPVSSmartTvTest"/>
  <testcase name="locationapiTWC" time="0.364" classname="sth.ipvs.IPVSSmartTvTest">
    <error type="java.lang.RuntimeException" message="error getting json data from https://pi.engnew-spectrum.net/api/smarttv/location/v1?customerGuid=E4EDB341-C62E-E826-7D49-8514CCAB93E9&amp;ip=1.1.1.1&amp;mso=TWC&amp;requestId=STHLocation-TWC:
HttpResponse:
HTTP/1.1 500 Internal Server Error
Access-Control-Allow-Headers: WWW-Authenticate,Keep-Alive,User-Agent,X-Requested-With,Cache-Control,Content-Type,X-WayfarerEID
Access-Control-Allow-Methods: GET, DELETE, POST, PUT, OPTIONS
Cache-Control: no-cache,private,no-store
Connection: keep-alive
Content-Length: 33
Content-Type: application/json; charset=utf-8
Date: Tue, 30 Apr 2019 04:57:46 GMT
Failure-Trace: Saint_500_Failure getting BehindOwnModem from saint
Pragma: no-cache
Server: openresty
Server-Timing: intid;desc=33634ccee829097f
X-Failure-Message: Failed to obtain BehindOwnModem from saint: Required property [sessionId] not found
X-PI-Datacenter: CTEC
x-trace-id: 440bb648ba0f-4cb3-0000000000033253

{&quot;failure&quot;:&quot;InternalServerError&quot;}">
      <![CDATA[java.lang.RuntimeException: error getting json data from https://pi.engnew-spectrum.net/api/smarttv/location/v1?customerGuid=E4EDB341-C62E-E826-7D49-8514CCAB93E9&ip=1.1.1.1&mso=TWC&requestId=STHLocation-TWC:
HttpResponse:
HTTP/1.1 500 Internal Server Error
Access-Control-Allow-Headers: WWW-Authenticate,Keep-Alive,User-Agent,X-Requested-With,Cache-Control,Content-Type,X-WayfarerEID
Access-Control-Allow-Methods: GET, DELETE, POST, PUT, OPTIONS
Cache-Control: no-cache,private,no-store
Connection: keep-alive
Content-Length: 33
Content-Type: application/json; charset=utf-8
Date: Tue, 30 Apr 2019 04:57:46 GMT
Failure-Trace: Saint_500_Failure getting BehindOwnModem from saint
Pragma: no-cache
Server: openresty
Server-Timing: intid;desc=33634ccee829097f
X-Failure-Message: Failed to obtain BehindOwnModem from saint: Required property [sessionId] not found
X-PI-Datacenter: CTEC
x-trace-id: 440bb648ba0f-4cb3-0000000000033253

{"failure":"InternalServerError"}
at sth.ipvs.CustomRequest.getJson(CustomRequest.java:39)
at sth.ipvs.IPVSSmartTvTest.locationapiTWC(IPVSSmartTvTest.java:72)
at sun.reflect.NativeMethodAccessorImpl.invoke0(Native Method)
at sun.reflect.NativeMethodAccessorImpl.invoke(NativeMethodAccessorImpl.java:62)
at sun.reflect.DelegatingMethodAccessorImpl.invoke(DelegatingMethodAccessorImpl.java:43)
at java.lang.reflect.Method.invoke(Method.java:498)
at org.testng.internal.MethodInvocationHelper.invokeMethod(MethodInvocationHelper.java:124)
at org.testng.internal.Invoker.invokeMethod(Invoker.java:583)
at org.testng.internal.Invoker.invokeTestMethod(Invoker.java:719)
at org.testng.internal.Invoker.invokeTestMethods(Invoker.java:989)
at org.testng.internal.TestMethodWorker.invokeTestMethods(TestMethodWorker.java:125)
at org.testng.internal.TestMethodWorker.run(TestMethodWorker.java:109)
at org.testng.TestRunner.privateRun(TestRunner.java:648)
at org.testng.TestRunner.run(TestRunner.java:505)
at org.testng.SuiteRunner.runTest(SuiteRunner.java:455)
at org.testng.SuiteRunner.runSequentially(SuiteRunner.java:450)
at org.testng.SuiteRunner.privateRun(SuiteRunner.java:415)
at org.testng.SuiteRunner.run(SuiteRunner.java:364)
at org.testng.SuiteRunnerWorker.runSuite(SuiteRunnerWorker.java:52)
at org.testng.SuiteRunnerWorker.run(SuiteRunnerWorker.java:84)
at org.testng.TestNG.runSuitesSequentially(TestNG.java:1208)
at org.testng.TestNG.runSuitesLocally(TestNG.java:1137)
at org.testng.TestNG.runSuites(TestNG.java:1049)
at org.testng.TestNG.run(TestNG.java:1017)
at org.apache.maven.surefire.testng.TestNGExecutor.run(TestNGExecutor.java:77)
at org.apache.maven.surefire.testng.TestNGDirectoryTestSuite.executeMulti(TestNGDirectoryTestSuite.java:159)
at org.apache.maven.surefire.testng.TestNGDirectoryTestSuite.execute(TestNGDirectoryTestSuite.java:99)
at org.apache.maven.surefire.testng.TestNGProvider.invoke(TestNGProvider.java:106)
at sun.reflect.NativeMethodAccessorImpl.invoke0(Native Method)
at sun.reflect.NativeMethodAccessorImpl.invoke(NativeMethodAccessorImpl.java:62)
at sun.reflect.DelegatingMethodAccessorImpl.invoke(DelegatingMethodAccessorImpl.java:43)
at java.lang.reflect.Method.invoke(Method.java:498)
at org.apache.maven.surefire.util.ReflectionUtils.invokeMethodWithArray(ReflectionUtils.java:189)
at org.apache.maven.surefire.booter.ProviderFactory$ProviderProxy.invoke(ProviderFactory.java:165)
at org.apache.maven.surefire.booter.ProviderFactory.invokeProvider(ProviderFactory.java:85)
at org.apache.maven.surefire.booter.ForkedBooter.runSuitesInProcess(ForkedBooter.java:115)
at org.apache.maven.surefire.booter.ForkedBooter.main(ForkedBooter.java:75)
]]>
    </error>
  </testcase> <!-- locationapiTWC -->
  <testcase name="cdvrgetrecordingsapiCHTR" time="3.359" classname="sth.ipvs.IPVSSmartTvTest"/>
  <testcase name="guidegridapiTWC" time="1.834" classname="sth.ipvs.IPVSSmartTvTest"/>
  <testcase name="adobesessionTWC" time="0.624" classname="sth.ipvs.IPVSSmartTvTest"/>
  <testcase name="parentalratingapiTWC" time="0.366" classname="sth.ipvs.IPVSSmartTvTest"/>
  <testcase name="bookmarksapiCHTR" time="0.486" classname="sth.ipvs.IPVSSmartTvTest"/>
  <testcase name="parentalcontrolcallCHTR" time="0.378" classname="sth.ipvs.IPVSSmartTvTest"/>
  <testcase name="locationapiCHTR" time="0.362" classname="sth.ipvs.IPVSSmartTvTest">
    <error type="java.lang.RuntimeException" message="error getting json data from https://pi.engnew-spectrum.net/api/smarttv/location/v1?customerGuid=44188798&amp;ip=1.1.1.1&amp;mso=CHARTER&amp;requestId=STHLocation-Charter:
HttpResponse:
HTTP/1.1 500 Internal Server Error
Access-Control-Allow-Headers: WWW-Authenticate,Keep-Alive,User-Agent,X-Requested-With,Cache-Control,Content-Type,X-WayfarerEID
Access-Control-Allow-Methods: GET, DELETE, POST, PUT, OPTIONS
Cache-Control: no-cache,private,no-store
Connection: keep-alive
Content-Length: 33
Content-Type: application/json; charset=utf-8
Date: Tue, 30 Apr 2019 04:57:45 GMT
Failure-Trace: Saint_500_Failure getting BehindOwnModem from saint
Pragma: no-cache
Server: openresty
X-Failure-Message: Failed to obtain BehindOwnModem from saint: Required property [sessionId] not found
X-PI-Datacenter: CTEC
x-trace-id: 440bb648ba0f-4cb3-0000000000033242

{&quot;failure&quot;:&quot;InternalServerError&quot;}">
      <![CDATA[java.lang.RuntimeException: error getting json data from https://pi.engnew-spectrum.net/api/smarttv/location/v1?customerGuid=44188798&ip=1.1.1.1&mso=CHARTER&requestId=STHLocation-Charter:
HttpResponse:
HTTP/1.1 500 Internal Server Error
Access-Control-Allow-Headers: WWW-Authenticate,Keep-Alive,User-Agent,X-Requested-With,Cache-Control,Content-Type,X-WayfarerEID
Access-Control-Allow-Methods: GET, DELETE, POST, PUT, OPTIONS
Cache-Control: no-cache,private,no-store
Connection: keep-alive
Content-Length: 33
Content-Type: application/json; charset=utf-8
Date: Tue, 30 Apr 2019 04:57:45 GMT
Failure-Trace: Saint_500_Failure getting BehindOwnModem from saint
Pragma: no-cache
Server: openresty
X-Failure-Message: Failed to obtain BehindOwnModem from saint: Required property [sessionId] not found
X-PI-Datacenter: CTEC
x-trace-id: 440bb648ba0f-4cb3-0000000000033242

{"failure":"InternalServerError"}
at sth.ipvs.CustomRequest.getJson(CustomRequest.java:39)
at sth.ipvs.IPVSSmartTvTest.locationapiCHTR(IPVSSmartTvTest.java:59)
at sun.reflect.NativeMethodAccessorImpl.invoke0(Native Method)
at sun.reflect.NativeMethodAccessorImpl.invoke(NativeMethodAccessorImpl.java:62)
at sun.reflect.DelegatingMethodAccessorImpl.invoke(DelegatingMethodAccessorImpl.java:43)
at java.lang.reflect.Method.invoke(Method.java:498)
at org.testng.internal.MethodInvocationHelper.invokeMethod(MethodInvocationHelper.java:124)
at org.testng.internal.Invoker.invokeMethod(Invoker.java:583)
at org.testng.internal.Invoker.invokeTestMethod(Invoker.java:719)
at org.testng.internal.Invoker.invokeTestMethods(Invoker.java:989)
at org.testng.internal.TestMethodWorker.invokeTestMethods(TestMethodWorker.java:125)
at org.testng.internal.TestMethodWorker.run(TestMethodWorker.java:109)
at org.testng.TestRunner.privateRun(TestRunner.java:648)
at org.testng.TestRunner.run(TestRunner.java:505)
at org.testng.SuiteRunner.runTest(SuiteRunner.java:455)
at org.testng.SuiteRunner.runSequentially(SuiteRunner.java:450)
at org.testng.SuiteRunner.privateRun(SuiteRunner.java:415)
at org.testng.SuiteRunner.run(SuiteRunner.java:364)
at org.testng.SuiteRunnerWorker.runSuite(SuiteRunnerWorker.java:52)
at org.testng.SuiteRunnerWorker.run(SuiteRunnerWorker.java:84)
at org.testng.TestNG.runSuitesSequentially(TestNG.java:1208)
at org.testng.TestNG.runSuitesLocally(TestNG.java:1137)
at org.testng.TestNG.runSuites(TestNG.java:1049)
at org.testng.TestNG.run(TestNG.java:1017)
at org.apache.maven.surefire.testng.TestNGExecutor.run(TestNGExecutor.java:77)
at org.apache.maven.surefire.testng.TestNGDirectoryTestSuite.executeMulti(TestNGDirectoryTestSuite.java:159)
at org.apache.maven.surefire.testng.TestNGDirectoryTestSuite.execute(TestNGDirectoryTestSuite.java:99)
at org.apache.maven.surefire.testng.TestNGProvider.invoke(TestNGProvider.java:106)
at sun.reflect.NativeMethodAccessorImpl.invoke0(Native Method)
at sun.reflect.NativeMethodAccessorImpl.invoke(NativeMethodAccessorImpl.java:62)
at sun.reflect.DelegatingMethodAccessorImpl.invoke(DelegatingMethodAccessorImpl.java:43)
at java.lang.reflect.Method.invoke(Method.java:498)
at org.apache.maven.surefire.util.ReflectionUtils.invokeMethodWithArray(ReflectionUtils.java:189)
at org.apache.maven.surefire.booter.ProviderFactory$ProviderProxy.invoke(ProviderFactory.java:165)
at org.apache.maven.surefire.booter.ProviderFactory.invokeProvider(ProviderFactory.java:85)
at org.apache.maven.surefire.booter.ForkedBooter.runSuitesInProcess(ForkedBooter.java:115)
at org.apache.maven.surefire.booter.ForkedBooter.main(ForkedBooter.java:75)
]]>
    </error>
  </testcase> <!-- locationapiCHTR -->
  <testcase name="cdvrgetrecordingsapiTWC" time="2.949" classname="sth.ipvs.IPVSSmartTvTest"/>
  <testcase name="ChannelsapiCHTR" time="3.214" classname="sth.ipvs.IPVSSmartTvTest"/>
  <testcase name="ChannelsapiTWC" time="2.802" classname="sth.ipvs.IPVSSmartTvTest"/>
  <testcase name="parentalBlockedChannelsapiTWC" time="2.598" classname="sth.ipvs.IPVSSmartTvTest"/>
  <testcase name="favoritesChannelapiTWC" time="0.351" classname="sth.ipvs.IPVSSmartTvTest"/>
  <testcase name="guidegridapiCHTR" time="1.602" classname="sth.ipvs.IPVSSmartTvTest"/>
  <testcase name="bookmarksapiTWC" time="0.492" classname="sth.ipvs.IPVSSmartTvTest"/>
  <testcase name="favoritesChannelapiCHTR" time="0.370" classname="sth.ipvs.IPVSSmartTvTest"/>
  <testcase name="parentalratingsapiCHTR" time="0.369" classname="sth.ipvs.IPVSSmartTvTest"/>
  <testcase name="watchListapiCHTR" time="0.464" classname="sth.ipvs.IPVSSmartTvTest"/>
  <testcase name="fipsapiCHTR" time="0.364" classname="sth.ipvs.IPVSSmartTvTest"/>
</testsuite> <!-- sth.ipvs.IPVSSmartTvTest -->
