<?xml version="1.0" encoding="UTF-8"?>
<!-- Generated by org.testng.reporters.JUnitReportReporter -->
<testsuite skipped="0" hostname="LTUS000692" name="sth.ipvs.IPVSSmartTvTest" tests="26" failures="0" timestamp="14 Jan 2019 07:55:26 GMT" time="86.085" errors="3">
  <testcase name="bookmarksapiCHTR" time="0.867" classname="sth.ipvs.IPVSSmartTvTest"/>
  <testcase name="favoritesChannelapiCHTR" time="0.742" classname="sth.ipvs.IPVSSmartTvTest"/>
  <testcase name="guidegridapiTWC" time="1.613" classname="sth.ipvs.IPVSSmartTvTest"/>
  <testcase name="lineupapiCHTR" time="0.719" classname="sth.ipvs.IPVSSmartTvTest"/>
  <testcase name="adobesessionTWC" time="0.754" classname="sth.ipvs.IPVSSmartTvTest"/>
  <testcase name="linuepapiTWC" time="0.744" classname="sth.ipvs.IPVSSmartTvTest"/>
  <testcase name="guidegridapiCHTR" time="1.760" classname="sth.ipvs.IPVSSmartTvTest"/>
  <testcase name="parentalcontrolcallTWC" time="0.756" classname="sth.ipvs.IPVSSmartTvTest"/>
  <testcase name="parentalBlockedChannelsapiCHTR" time="10.695" classname="sth.ipvs.IPVSSmartTvTest"/>
  <testcase name="ChannelsapiTWC" time="7.601" classname="sth.ipvs.IPVSSmartTvTest"/>
  <testcase name="parentalratingapiTWC" time="1.025" classname="sth.ipvs.IPVSSmartTvTest"/>
  <testcase name="watchListapiTWC" time="1.341" classname="sth.ipvs.IPVSSmartTvTest"/>
  <testcase name="fipsapiTWC" time="0.734" classname="sth.ipvs.IPVSSmartTvTest"/>
  <testcase name="parentalBlockedChannelsapiTWC" time="8.012" classname="sth.ipvs.IPVSSmartTvTest"/>
  <testcase name="adobesessionCHTR" time="30.799" classname="sth.ipvs.IPVSSmartTvTest">
    <error type="java.lang.RuntimeException" message="error getting json data from https://pi.engnew-spectrum.net/ipvs/api/eas/v1/storecustomerfips?customerGuid=51585793&amp;ip=1.1.1.1&amp;mso=CHARTER&amp;requestId=STHAdobeSession-Charter:
HttpResponse:
HTTP/1.1 504 Gateway Timeout
Connection: keep-alive
Content-Length: 176
Content-Type: text/html
Date: Mon, 14 Jan 2019 07:54:47 GMT
Server: openresty
x-trace-id: 5ea609f28177-4dab-0000000000154ecb

&lt;html&gt;
&lt;head&gt;&lt;title&gt;504 Gateway Time-out&lt;/title&gt;&lt;/head&gt;
&lt;body bgcolor=&quot;white&quot;&gt;
&lt;center&gt;&lt;h1&gt;504 Gateway Time-out&lt;/h1&gt;&lt;/center&gt;
&lt;hr&gt;&lt;center&gt;nginx&lt;/center&gt;
&lt;/body&gt;
&lt;/html&gt;
">
      <![CDATA[java.lang.RuntimeException: error getting json data from https://pi.engnew-spectrum.net/ipvs/api/eas/v1/storecustomerfips?customerGuid=51585793&ip=1.1.1.1&mso=CHARTER&requestId=STHAdobeSession-Charter:
HttpResponse:
HTTP/1.1 504 Gateway Timeout
Connection: keep-alive
Content-Length: 176
Content-Type: text/html
Date: Mon, 14 Jan 2019 07:54:47 GMT
Server: openresty
x-trace-id: 5ea609f28177-4dab-0000000000154ecb

<html>
<head><title>504 Gateway Time-out</title></head>
<body bgcolor="white">
<center><h1>504 Gateway Time-out</h1></center>
<hr><center>nginx</center>
</body>
</html>

at sth.ipvs.CustomRequest.getJson(CustomRequest.java:38)
at sth.ipvs.IPVSSmartTvTest.adobesessionCHTR(IPVSSmartTvTest.java:358)
at sun.reflect.NativeMethodAccessorImpl.invoke0(Native Method)
at sun.reflect.NativeMethodAccessorImpl.invoke(NativeMethodAccessorImpl.java:62)
at sun.reflect.DelegatingMethodAccessorImpl.invoke(DelegatingMethodAccessorImpl.java:43)
at java.lang.reflect.Method.invoke(Method.java:498)
at org.testng.internal.MethodInvocationHelper.invokeMethod(MethodInvocationHelper.java:124)
at org.testng.internal.Invoker.invokeMethod(Invoker.java:583)
at org.testng.internal.Invoker.invokeTestMethod(Invoker.java:719)
at org.testng.internal.Invoker.invokeTestMethods(Invoker.java:989)
at org.testng.internal.TestMethodWorker.invokeTestMethods(TestMethodWorker.java:125)
at org.testng.internal.TestMethodWorker.run(TestMethodWorker.java:109)
at org.testng.TestRunner.privateRun(TestRunner.java:648)
at org.testng.TestRunner.run(TestRunner.java:505)
at org.testng.SuiteRunner.runTest(SuiteRunner.java:455)
at org.testng.SuiteRunner.runSequentially(SuiteRunner.java:450)
at org.testng.SuiteRunner.privateRun(SuiteRunner.java:415)
at org.testng.SuiteRunner.run(SuiteRunner.java:364)
at org.testng.SuiteRunnerWorker.runSuite(SuiteRunnerWorker.java:52)
at org.testng.SuiteRunnerWorker.run(SuiteRunnerWorker.java:84)
at org.testng.TestNG.runSuitesSequentially(TestNG.java:1208)
at org.testng.TestNG.runSuitesLocally(TestNG.java:1137)
at org.testng.TestNG.runSuites(TestNG.java:1049)
at org.testng.TestNG.run(TestNG.java:1017)
at org.apache.maven.surefire.testng.TestNGExecutor.run(TestNGExecutor.java:77)
at org.apache.maven.surefire.testng.TestNGDirectoryTestSuite.executeMulti(TestNGDirectoryTestSuite.java:159)
at org.apache.maven.surefire.testng.TestNGDirectoryTestSuite.execute(TestNGDirectoryTestSuite.java:99)
at org.apache.maven.surefire.testng.TestNGProvider.invoke(TestNGProvider.java:106)
at sun.reflect.NativeMethodAccessorImpl.invoke0(Native Method)
at sun.reflect.NativeMethodAccessorImpl.invoke(NativeMethodAccessorImpl.java:62)
at sun.reflect.DelegatingMethodAccessorImpl.invoke(DelegatingMethodAccessorImpl.java:43)
at java.lang.reflect.Method.invoke(Method.java:498)
at org.apache.maven.surefire.util.ReflectionUtils.invokeMethodWithArray(ReflectionUtils.java:189)
at org.apache.maven.surefire.booter.ProviderFactory$ProviderProxy.invoke(ProviderFactory.java:165)
at org.apache.maven.surefire.booter.ProviderFactory.invokeProvider(ProviderFactory.java:85)
at org.apache.maven.surefire.booter.ForkedBooter.runSuitesInProcess(ForkedBooter.java:115)
at org.apache.maven.surefire.booter.ForkedBooter.main(ForkedBooter.java:75)
]]>
    </error>
  </testcase> <!-- adobesessionCHTR -->
  <testcase name="cdvrgetrecordingsapiTWC" time="0.625" classname="sth.ipvs.IPVSSmartTvTest">
    <error type="java.lang.RuntimeException" message="error getting json data from https://pi.engnew-spectrum.net/kumodvr/api/cdvr/v1/users/4e09854aaf4992240be1cc6935861c4e/recordings?status=ALL&amp;requestId=STHGetRecordings-TWC:
HttpResponse:
HTTP/1.1 403 Forbidden
Connection: keep-alive
Content-Length: 10
Content-Type: text/plain
Date: Mon, 14 Jan 2019 07:54:52 GMT
Server: openresty
Transfer-Encoding: chunked
X-PI-Auth-Failure: 9001
x-trace-id: 5ea609f28177-4dab-0000000000154f14

Forbidden
">
      <![CDATA[java.lang.RuntimeException: error getting json data from https://pi.engnew-spectrum.net/kumodvr/api/cdvr/v1/users/4e09854aaf4992240be1cc6935861c4e/recordings?status=ALL&requestId=STHGetRecordings-TWC:
HttpResponse:
HTTP/1.1 403 Forbidden
Connection: keep-alive
Content-Length: 10
Content-Type: text/plain
Date: Mon, 14 Jan 2019 07:54:52 GMT
Server: openresty
Transfer-Encoding: chunked
X-PI-Auth-Failure: 9001
x-trace-id: 5ea609f28177-4dab-0000000000154f14

Forbidden

at sth.ipvs.CustomRequest.getJson(CustomRequest.java:38)
at sth.ipvs.IPVSSmartTvTest.cdvrgetrecordingsapiTWC(IPVSSmartTvTest.java:407)
at sun.reflect.NativeMethodAccessorImpl.invoke0(Native Method)
at sun.reflect.NativeMethodAccessorImpl.invoke(NativeMethodAccessorImpl.java:62)
at sun.reflect.DelegatingMethodAccessorImpl.invoke(DelegatingMethodAccessorImpl.java:43)
at java.lang.reflect.Method.invoke(Method.java:498)
at org.testng.internal.MethodInvocationHelper.invokeMethod(MethodInvocationHelper.java:124)
at org.testng.internal.Invoker.invokeMethod(Invoker.java:583)
at org.testng.internal.Invoker.invokeTestMethod(Invoker.java:719)
at org.testng.internal.Invoker.invokeTestMethods(Invoker.java:989)
at org.testng.internal.TestMethodWorker.invokeTestMethods(TestMethodWorker.java:125)
at org.testng.internal.TestMethodWorker.run(TestMethodWorker.java:109)
at org.testng.TestRunner.privateRun(TestRunner.java:648)
at org.testng.TestRunner.run(TestRunner.java:505)
at org.testng.SuiteRunner.runTest(SuiteRunner.java:455)
at org.testng.SuiteRunner.runSequentially(SuiteRunner.java:450)
at org.testng.SuiteRunner.privateRun(SuiteRunner.java:415)
at org.testng.SuiteRunner.run(SuiteRunner.java:364)
at org.testng.SuiteRunnerWorker.runSuite(SuiteRunnerWorker.java:52)
at org.testng.SuiteRunnerWorker.run(SuiteRunnerWorker.java:84)
at org.testng.TestNG.runSuitesSequentially(TestNG.java:1208)
at org.testng.TestNG.runSuitesLocally(TestNG.java:1137)
at org.testng.TestNG.runSuites(TestNG.java:1049)
at org.testng.TestNG.run(TestNG.java:1017)
at org.apache.maven.surefire.testng.TestNGExecutor.run(TestNGExecutor.java:77)
at org.apache.maven.surefire.testng.TestNGDirectoryTestSuite.executeMulti(TestNGDirectoryTestSuite.java:159)
at org.apache.maven.surefire.testng.TestNGDirectoryTestSuite.execute(TestNGDirectoryTestSuite.java:99)
at org.apache.maven.surefire.testng.TestNGProvider.invoke(TestNGProvider.java:106)
at sun.reflect.NativeMethodAccessorImpl.invoke0(Native Method)
at sun.reflect.NativeMethodAccessorImpl.invoke(NativeMethodAccessorImpl.java:62)
at sun.reflect.DelegatingMethodAccessorImpl.invoke(DelegatingMethodAccessorImpl.java:43)
at java.lang.reflect.Method.invoke(Method.java:498)
at org.apache.maven.surefire.util.ReflectionUtils.invokeMethodWithArray(ReflectionUtils.java:189)
at org.apache.maven.surefire.booter.ProviderFactory$ProviderProxy.invoke(ProviderFactory.java:165)
at org.apache.maven.surefire.booter.ProviderFactory.invokeProvider(ProviderFactory.java:85)
at org.apache.maven.surefire.booter.ForkedBooter.runSuitesInProcess(ForkedBooter.java:115)
at org.apache.maven.surefire.booter.ForkedBooter.main(ForkedBooter.java:75)
]]>
    </error>
  </testcase> <!-- cdvrgetrecordingsapiTWC -->
  <testcase name="ChannelsapiCHTR" time="8.516" classname="sth.ipvs.IPVSSmartTvTest"/>
  <testcase name="cdvrgetrecordingsapiCHTR" time="1.532" classname="sth.ipvs.IPVSSmartTvTest">
    <error type="java.lang.RuntimeException" message="error getting json data from https://pi.engnew-spectrum.net/kumodvr/api/cdvr/v1/users/46bcef3d943720ca9a701506b3780ebe/recordings?status=ALL&amp;requestId=STHGetRecordings-Charter:
HttpResponse:
HTTP/1.1 403 Forbidden
Connection: keep-alive
Content-Length: 10
Content-Type: text/plain
Date: Mon, 14 Jan 2019 07:54:51 GMT
Server: openresty
Transfer-Encoding: chunked
X-PI-Auth-Failure: 9001
x-trace-id: 5ea609f28177-4dab-0000000000154f12

Forbidden
">
      <![CDATA[java.lang.RuntimeException: error getting json data from https://pi.engnew-spectrum.net/kumodvr/api/cdvr/v1/users/46bcef3d943720ca9a701506b3780ebe/recordings?status=ALL&requestId=STHGetRecordings-Charter:
HttpResponse:
HTTP/1.1 403 Forbidden
Connection: keep-alive
Content-Length: 10
Content-Type: text/plain
Date: Mon, 14 Jan 2019 07:54:51 GMT
Server: openresty
Transfer-Encoding: chunked
X-PI-Auth-Failure: 9001
x-trace-id: 5ea609f28177-4dab-0000000000154f12

Forbidden

at sth.ipvs.CustomRequest.getJson(CustomRequest.java:38)
at sth.ipvs.IPVSSmartTvTest.cdvrgetrecordingsapiCHTR(IPVSSmartTvTest.java:396)
at sun.reflect.NativeMethodAccessorImpl.invoke0(Native Method)
at sun.reflect.NativeMethodAccessorImpl.invoke(NativeMethodAccessorImpl.java:62)
at sun.reflect.DelegatingMethodAccessorImpl.invoke(DelegatingMethodAccessorImpl.java:43)
at java.lang.reflect.Method.invoke(Method.java:498)
at org.testng.internal.MethodInvocationHelper.invokeMethod(MethodInvocationHelper.java:124)
at org.testng.internal.Invoker.invokeMethod(Invoker.java:583)
at org.testng.internal.Invoker.invokeTestMethod(Invoker.java:719)
at org.testng.internal.Invoker.invokeTestMethods(Invoker.java:989)
at org.testng.internal.TestMethodWorker.invokeTestMethods(TestMethodWorker.java:125)
at org.testng.internal.TestMethodWorker.run(TestMethodWorker.java:109)
at org.testng.TestRunner.privateRun(TestRunner.java:648)
at org.testng.TestRunner.run(TestRunner.java:505)
at org.testng.SuiteRunner.runTest(SuiteRunner.java:455)
at org.testng.SuiteRunner.runSequentially(SuiteRunner.java:450)
at org.testng.SuiteRunner.privateRun(SuiteRunner.java:415)
at org.testng.SuiteRunner.run(SuiteRunner.java:364)
at org.testng.SuiteRunnerWorker.runSuite(SuiteRunnerWorker.java:52)
at org.testng.SuiteRunnerWorker.run(SuiteRunnerWorker.java:84)
at org.testng.TestNG.runSuitesSequentially(TestNG.java:1208)
at org.testng.TestNG.runSuitesLocally(TestNG.java:1137)
at org.testng.TestNG.runSuites(TestNG.java:1049)
at org.testng.TestNG.run(TestNG.java:1017)
at org.apache.maven.surefire.testng.TestNGExecutor.run(TestNGExecutor.java:77)
at org.apache.maven.surefire.testng.TestNGDirectoryTestSuite.executeMulti(TestNGDirectoryTestSuite.java:159)
at org.apache.maven.surefire.testng.TestNGDirectoryTestSuite.execute(TestNGDirectoryTestSuite.java:99)
at org.apache.maven.surefire.testng.TestNGProvider.invoke(TestNGProvider.java:106)
at sun.reflect.NativeMethodAccessorImpl.invoke0(Native Method)
at sun.reflect.NativeMethodAccessorImpl.invoke(NativeMethodAccessorImpl.java:62)
at sun.reflect.DelegatingMethodAccessorImpl.invoke(DelegatingMethodAccessorImpl.java:43)
at java.lang.reflect.Method.invoke(Method.java:498)
at org.apache.maven.surefire.util.ReflectionUtils.invokeMethodWithArray(ReflectionUtils.java:189)
at org.apache.maven.surefire.booter.ProviderFactory$ProviderProxy.invoke(ProviderFactory.java:165)
at org.apache.maven.surefire.booter.ProviderFactory.invokeProvider(ProviderFactory.java:85)
at org.apache.maven.surefire.booter.ForkedBooter.runSuitesInProcess(ForkedBooter.java:115)
at org.apache.maven.surefire.booter.ForkedBooter.main(ForkedBooter.java:75)
]]>
    </error>
  </testcase> <!-- cdvrgetrecordingsapiCHTR -->
  <testcase name="fipsapiCHTR" time="0.732" classname="sth.ipvs.IPVSSmartTvTest"/>
  <testcase name="parentalratingsapiCHTR" time="0.743" classname="sth.ipvs.IPVSSmartTvTest"/>
  <testcase name="locationapiCHTR" time="1.057" classname="sth.ipvs.IPVSSmartTvTest"/>
  <testcase name="parentalcontrolcallCHTR" time="0.761" classname="sth.ipvs.IPVSSmartTvTest"/>
  <testcase name="favoritesChannelapiTWC" time="0.733" classname="sth.ipvs.IPVSSmartTvTest"/>
  <testcase name="locationapiTWC" time="1.123" classname="sth.ipvs.IPVSSmartTvTest"/>
  <testcase name="bookmarksapiTWC" time="1.193" classname="sth.ipvs.IPVSSmartTvTest"/>
  <testcase name="watchListapiCHTR" time="0.908" classname="sth.ipvs.IPVSSmartTvTest"/>
</testsuite> <!-- sth.ipvs.IPVSSmartTvTest -->
