<?xml version="1.0" encoding="UTF-8"?>
<!-- Generated by org.testng.reporters.JUnitReportReporter -->
<testsuite skipped="0" hostname="LTUS000692" name="sth.ipvs.IPVSCapabilitiesTest" tests="2" failures="0" timestamp="30 Apr 2019 04:57:54 GMT" time="3.406" errors="0">
  <testcase name="ipvscapabilitiescallCHTR" time="2.974" classname="sth.ipvs.IPVSCapabilitiesTest"/>
  <testcase name="ipvscapabilitiescallTWC" time="0.432" classname="sth.ipvs.IPVSCapabilitiesTest"/>
</testsuite> <!-- sth.ipvs.IPVSCapabilitiesTest -->
