<?xml version="1.0" encoding="UTF-8" ?>
<testsuite tests="32" failures="3" name="TestSuite" time="33.571" errors="0" skipped="0">
  <properties>
    <property name="java.runtime.name" value="Java(TM) SE Runtime Environment"/>
    <property name="sun.boot.library.path" value="C:\Program Files\Java\jdk1.8.0_181\jre\bin"/>
    <property name="java.vm.version" value="25.181-b25"/>
    <property name="java.vm.vendor" value="Oracle Corporation"/>
    <property name="maven.multiModuleProjectDirectory" value="C:\Users\426525\git\IPVS-STH-SANITY"/>
    <property name="java.vendor.url" value="http://java.oracle.com/"/>
    <property name="path.separator" value=";"/>
    <property name="guice.disable.misplaced.annotation.check" value="true"/>
    <property name="java.vm.name" value="Java HotSpot(TM) 64-Bit Server VM"/>
    <property name="file.encoding.pkg" value="sun.io"/>
    <property name="user.script" value=""/>
    <property name="user.country" value="US"/>
    <property name="sun.java.launcher" value="SUN_STANDARD"/>
    <property name="sun.os.patch.level" value="Service Pack 1"/>
    <property name="java.vm.specification.name" value="Java Virtual Machine Specification"/>
    <property name="user.dir" value="C:\Users\426525\git\IPVS-STH-SANITY"/>
    <property name="java.runtime.version" value="1.8.0_181-b25"/>
    <property name="java.awt.graphicsenv" value="sun.awt.Win32GraphicsEnvironment"/>
    <property name="java.endorsed.dirs" value="C:\Program Files\Java\jdk1.8.0_181\jre\lib\endorsed"/>
    <property name="os.arch" value="amd64"/>
    <property name="java.io.tmpdir" value="C:\Users\426525\AppData\Local\Temp\"/>
    <property name="line.separator" value="
"/>
    <property name="java.vm.specification.vendor" value="Oracle Corporation"/>
    <property name="user.variant" value=""/>
    <property name="os.name" value="Windows 7"/>
    <property name="classworlds.conf" value="C:\EclipseWorkspace\.metadata\.plugins\org.eclipse.m2e.launching\launches\m2conf1559800341191352786.tmp"/>
    <property name="sun.jnu.encoding" value="Cp1252"/>
    <property name="java.library.path" value="C:\Program Files\Java\jdk1.8.0_181\bin;C:\Windows\Sun\Java\bin;C:\Windows\system32;C:\Windows;C:/Program Files/Java/jre1.8.0_191/bin/server;C:/Program Files/Java/jre1.8.0_191/bin;C:/Program Files/Java/jre1.8.0_191/lib/amd64;C:\Program Files (x86)\Common Files\Oracle\Java\javapath;C:\ProgramData\Oracle\Java\javapath;C:\Windows\SYSTEM32;C:\Windows;C:\Windows\SYSTEM32\WBEM;C:\Windows\SYSTEM32\WINDOWSPOWERSHELL\V1.0\;;C:\PROGRAM FILES (X86)\INTEL\OPENCL SDK\2.0\BIN\X86;C:\PROGRAM FILES (X86)\INTEL\OPENCL SDK\2.0\BIN\X64;C:\Program Files (x86)\Symantec\VIP Access Client\;C:\Python27;C:\Python27\Lib;C:\Python27\DLLs;C:\Python27\Lib\lib-tk;C:\Python27\Scripts;;C:\Development_Avecto\eclipse-jee-oxygen-M2-win32-x86_64\eclipse;;."/>
    <property name="java.specification.name" value="Java Platform API Specification"/>
    <property name="java.class.version" value="52.0"/>
    <property name="sun.management.compiler" value="HotSpot 64-Bit Tiered Compilers"/>
    <property name="os.version" value="6.1"/>
    <property name="user.home" value="C:\Users\426525"/>
    <property name="user.timezone" value="Asia/Calcutta"/>
    <property name="java.awt.printerjob" value="sun.awt.windows.WPrinterJob"/>
    <property name="java.specification.version" value="1.8"/>
    <property name="file.encoding" value="Cp1252"/>
    <property name="user.name" value="426525"/>
    <property name="java.class.path" value="/C:/Development_Avecto/eclipse-jee-oxygen-M2-win32-x86_64/eclipse/plugins/org.eclipse.m2e.maven.runtime_1.8.0.20160921-2001/jars/plexus-classworlds-2.5.2.jar"/>
    <property name="java.vm.specification.version" value="1.8"/>
    <property name="sun.arch.data.model" value="64"/>
    <property name="java.home" value="C:\Program Files\Java\jdk1.8.0_181\jre"/>
    <property name="sun.java.command" value="org.codehaus.plexus.classworlds.launcher.Launcher -B clean install test"/>
    <property name="java.specification.vendor" value="Oracle Corporation"/>
    <property name="user.language" value="en"/>
    <property name="awt.toolkit" value="sun.awt.windows.WToolkit"/>
    <property name="java.vm.info" value="mixed mode"/>
    <property name="java.version" value="1.8.0_181"/>
    <property name="java.ext.dirs" value="C:\Program Files\Java\jdk1.8.0_181\jre\lib\ext;C:\Windows\Sun\Java\lib\ext"/>
    <property name="sun.boot.class.path" value="C:\Program Files\Java\jdk1.8.0_181\jre\lib\resources.jar;C:\Program Files\Java\jdk1.8.0_181\jre\lib\rt.jar;C:\Program Files\Java\jdk1.8.0_181\jre\lib\sunrsasign.jar;C:\Program Files\Java\jdk1.8.0_181\jre\lib\jsse.jar;C:\Program Files\Java\jdk1.8.0_181\jre\lib\jce.jar;C:\Program Files\Java\jdk1.8.0_181\jre\lib\charsets.jar;C:\Program Files\Java\jdk1.8.0_181\jre\lib\jfr.jar;C:\Program Files\Java\jdk1.8.0_181\jre\classes"/>
    <property name="java.vendor" value="Oracle Corporation"/>
    <property name="maven.home" value="C:\Users\426525\git\IPVS-STH-SANITY\EMBEDDED"/>
    <property name="file.separator" value="\"/>
    <property name="java.vendor.url.bug" value="http://bugreport.sun.com/bugreport/"/>
    <property name="sun.cpu.endian" value="little"/>
    <property name="sun.io.unicode.encoding" value="UnicodeLittle"/>
    <property name="sun.desktop" value="windows"/>
    <property name="sun.cpu.isalist" value="amd64"/>
  </properties>
  <testcase classname="sth.ipvs.IPVSCapabilitiesTest" name="ipvscapabilitiescallCHTR" time="2.971"/>
  <testcase classname="sth.ipvs.IPVSCapabilitiesTest" name="ipvscapabilitiescallTWC" time="0.375"/>
  <testcase classname="sth.ipvs.IPVSJiraTicketTest" name="SVIPVS547" time="0.278">
    <failure message="error getting json data from https://pi.engnew-spectrum.net/auth/jwt/token?customerGuid=E4EDB341-C62E-E826-7D49-8514CCAB93E9&amp;requestId=SVIPVS-547:
HttpResponse:
HTTP/1.1 404 Not Found
Connection: keep-alive
Content-Length: 42
Content-Type: text/plain; charset=UTF-8
Date: Tue, 30 Apr 2019 04:57:24 GMT
Server: openresty
X-PI-Datacenter: CTEC
X-PI-Latency: 1 millisecond
x-trace-id: 440bb648ba0f-4cb3-00000000000331ce

The requested resource could not be found." type="java.lang.RuntimeException">java.lang.RuntimeException: error getting json data from https://pi.engnew-spectrum.net/auth/jwt/token?customerGuid=E4EDB341-C62E-E826-7D49-8514CCAB93E9&amp;requestId=SVIPVS-547:
HttpResponse:
HTTP/1.1 404 Not Found
Connection: keep-alive
Content-Length: 42
Content-Type: text/plain; charset=UTF-8
Date: Tue, 30 Apr 2019 04:57:24 GMT
Server: openresty
X-PI-Datacenter: CTEC
X-PI-Latency: 1 millisecond
x-trace-id: 440bb648ba0f-4cb3-00000000000331ce
The requested resource could not be found.
	at sth.ipvs.CustomRequest.getJson(CustomRequest.java:39)
	at sth.ipvs.IPVSJiraTicketTest.SVIPVS547(IPVSJiraTicketTest.java:50)
</failure>
    <system-out>2019-04-30 10:27:23,702 [main] INFO  LoggingReporter:17 - {
   &quot;product&quot; : &quot;IPVS-Demo&quot;,
   &quot;group&quot; : &quot;IPVSCapabilities&quot;,
   &quot;name&quot; : &quot;ipvscapabilitiescallTWC&quot;,
   &quot;description&quot; : &quot;Testing TWCs Account IPVS Capabilities call Integration into STH /api/smarttv/user/capabilities - STHCapabilitiesCheck-TWC&quot;,
   &quot;status&quot; : &quot;PASS&quot;,
   &quot;duration&quot; : 367,
   &quot;productVersion&quot; : &quot;demo-0.0.1&quot;,
   &quot;platform&quot; : &quot;engnew&quot;,
   &quot;username&quot; : &quot;426525&quot;
}
2019-04-30 10:27:23,704 [main] INFO  IPVSJiraTicketTest:68 - ########################################################################
2019-04-30 10:27:23,705 [main] INFO  IPVSJiraTicketTest:69 - ### SVIPVS547
2019-04-30 10:27:23,705 [main] INFO  IPVSJiraTicketTest:71 - ### SVIPVS-547 - JWT Token support for TWC Market /auth/jwt/token
2019-04-30 10:27:23,705 [main] INFO  IPVSJiraTicketTest:73 - ########################################################################
2019-04-30 10:27:23,708 [main] INFO  RequestFactory:44 - GET https://pi.engnew-spectrum.net/auth/jwt/token?customerGuid=E4EDB341-C62E-E826-7D49-8514CCAB93E9&amp;requestId=SVIPVS-547
</system-out>
  </testcase>
  <testcase classname="sth.ipvs.IPVSJiraTicketTest" name="SVIPVS579OTTdisabled" time="0.395"/>
  <testcase classname="sth.ipvs.IPVSJiraTicketTest" name="SVIPVS579OTTenabled" time="0.369"/>
  <testcase classname="sth.ipvs.IPVSJiraTicketTest" name="SVIPVS657" time="0.416"/>
  <testcase classname="sth.ipvs.IPVSSmartTvTest" name="ChannelsapiCHTR" time="3.222"/>
  <testcase classname="sth.ipvs.IPVSSmartTvTest" name="ChannelsapiTWC" time="2.82"/>
  <testcase classname="sth.ipvs.IPVSSmartTvTest" name="adobesessionCHTR" time="0.439"/>
  <testcase classname="sth.ipvs.IPVSSmartTvTest" name="adobesessionTWC" time="0.629"/>
  <testcase classname="sth.ipvs.IPVSSmartTvTest" name="bookmarksapiCHTR" time="0.483"/>
  <testcase classname="sth.ipvs.IPVSSmartTvTest" name="bookmarksapiTWC" time="0.491"/>
  <testcase classname="sth.ipvs.IPVSSmartTvTest" name="cdvrgetrecordingsapiCHTR" time="3.361"/>
  <testcase classname="sth.ipvs.IPVSSmartTvTest" name="cdvrgetrecordingsapiTWC" time="2.984"/>
  <testcase classname="sth.ipvs.IPVSSmartTvTest" name="favoritesChannelapiCHTR" time="0.347"/>
  <testcase classname="sth.ipvs.IPVSSmartTvTest" name="favoritesChannelapiTWC" time="0.338"/>
  <testcase classname="sth.ipvs.IPVSSmartTvTest" name="fipsapiCHTR" time="0.37"/>
  <testcase classname="sth.ipvs.IPVSSmartTvTest" name="fipsapiTWC" time="0.373"/>
  <testcase classname="sth.ipvs.IPVSSmartTvTest" name="guidegridapiCHTR" time="1.602"/>
  <testcase classname="sth.ipvs.IPVSSmartTvTest" name="guidegridapiTWC" time="1.834"/>
  <testcase classname="sth.ipvs.IPVSSmartTvTest" name="lineupapiCHTR" time="0.368"/>
  <testcase classname="sth.ipvs.IPVSSmartTvTest" name="linuepapiTWC" time="0.358"/>
  <testcase classname="sth.ipvs.IPVSSmartTvTest" name="locationapiCHTR" time="0.357">
    <failure message="error getting json data from https://pi.engnew-spectrum.net/api/smarttv/location/v1?customerGuid=44188798&amp;ip=1.1.1.1&amp;mso=CHARTER&amp;requestId=STHLocation-Charter:
HttpResponse:
HTTP/1.1 500 Internal Server Error
Access-Control-Allow-Headers: WWW-Authenticate,Keep-Alive,User-Agent,X-Requested-With,Cache-Control,Content-Type,X-WayfarerEID
Access-Control-Allow-Methods: GET, DELETE, POST, PUT, OPTIONS
Cache-Control: no-cache,private,no-store
Connection: keep-alive
Content-Length: 33
Content-Type: application/json; charset=utf-8
Date: Tue, 30 Apr 2019 04:57:45 GMT
Failure-Trace: Saint_500_Failure getting BehindOwnModem from saint
Pragma: no-cache
Server: openresty
X-Failure-Message: Failed to obtain BehindOwnModem from saint: Required property [sessionId] not found
X-PI-Datacenter: CTEC
x-trace-id: 440bb648ba0f-4cb3-0000000000033242

{&quot;failure&quot;:&quot;InternalServerError&quot;}" type="java.lang.RuntimeException">java.lang.RuntimeException: error getting json data from https://pi.engnew-spectrum.net/api/smarttv/location/v1?customerGuid=44188798&amp;ip=1.1.1.1&amp;mso=CHARTER&amp;requestId=STHLocation-Charter:
HttpResponse:
HTTP/1.1 500 Internal Server Error
Access-Control-Allow-Headers: WWW-Authenticate,Keep-Alive,User-Agent,X-Requested-With,Cache-Control,Content-Type,X-WayfarerEID
Access-Control-Allow-Methods: GET, DELETE, POST, PUT, OPTIONS
Cache-Control: no-cache,private,no-store
Connection: keep-alive
Content-Length: 33
Content-Type: application/json; charset=utf-8
Date: Tue, 30 Apr 2019 04:57:45 GMT
Failure-Trace: Saint_500_Failure getting BehindOwnModem from saint
Pragma: no-cache
Server: openresty
X-Failure-Message: Failed to obtain BehindOwnModem from saint: Required property [sessionId] not found
X-PI-Datacenter: CTEC
x-trace-id: 440bb648ba0f-4cb3-0000000000033242
{&quot;failure&quot;:&quot;InternalServerError&quot;}
	at sth.ipvs.CustomRequest.getJson(CustomRequest.java:39)
	at sth.ipvs.IPVSSmartTvTest.locationapiCHTR(IPVSSmartTvTest.java:59)
</failure>
    <system-out>2019-04-30 10:27:45,228 [main] INFO  LoggingReporter:17 - {
   &quot;product&quot; : &quot;IPVS-Demo&quot;,
   &quot;group&quot; : &quot;IPVSSmartTv&quot;,
   &quot;name&quot; : &quot;linuepapiTWC&quot;,
   &quot;description&quot; : &quot;Testing TWC Account IPVS Lineup api Integration into STH /api/smarttv/lineup/v1 STHLineup-TWC&quot;,
   &quot;status&quot; : &quot;PASS&quot;,
   &quot;duration&quot; : 359,
   &quot;productVersion&quot; : &quot;demo-0.0.1&quot;,
   &quot;platform&quot; : &quot;engnew&quot;,
   &quot;username&quot; : &quot;426525&quot;
}
2019-04-30 10:27:45,229 [main] INFO  IPVSSmartTvTest:68 - ########################################################################
2019-04-30 10:27:45,229 [main] INFO  IPVSSmartTvTest:69 - ### locationapiCHTR
2019-04-30 10:27:45,230 [main] INFO  IPVSSmartTvTest:71 - ### Testing CHTR Account IPVS location api Integration into STH 
2019-04-30 10:27:45,230 [main] INFO  IPVSSmartTvTest:73 - ########################################################################
2019-04-30 10:27:45,231 [main] INFO  RequestFactory:44 - GET https://pi.engnew-spectrum.net/api/smarttv/location/v1?customerGuid=44188798&amp;ip=1.1.1.1&amp;mso=CHARTER&amp;requestId=STHLocation-Charter
</system-out>
  </testcase>
  <testcase classname="sth.ipvs.IPVSSmartTvTest" name="locationapiTWC" time="0.363">
    <failure message="error getting json data from https://pi.engnew-spectrum.net/api/smarttv/location/v1?customerGuid=E4EDB341-C62E-E826-7D49-8514CCAB93E9&amp;ip=1.1.1.1&amp;mso=TWC&amp;requestId=STHLocation-TWC:
HttpResponse:
HTTP/1.1 500 Internal Server Error
Access-Control-Allow-Headers: WWW-Authenticate,Keep-Alive,User-Agent,X-Requested-With,Cache-Control,Content-Type,X-WayfarerEID
Access-Control-Allow-Methods: GET, DELETE, POST, PUT, OPTIONS
Cache-Control: no-cache,private,no-store
Connection: keep-alive
Content-Length: 33
Content-Type: application/json; charset=utf-8
Date: Tue, 30 Apr 2019 04:57:46 GMT
Failure-Trace: Saint_500_Failure getting BehindOwnModem from saint
Pragma: no-cache
Server: openresty
Server-Timing: intid;desc=33634ccee829097f
X-Failure-Message: Failed to obtain BehindOwnModem from saint: Required property [sessionId] not found
X-PI-Datacenter: CTEC
x-trace-id: 440bb648ba0f-4cb3-0000000000033253

{&quot;failure&quot;:&quot;InternalServerError&quot;}" type="java.lang.RuntimeException">java.lang.RuntimeException: error getting json data from https://pi.engnew-spectrum.net/api/smarttv/location/v1?customerGuid=E4EDB341-C62E-E826-7D49-8514CCAB93E9&amp;ip=1.1.1.1&amp;mso=TWC&amp;requestId=STHLocation-TWC:
HttpResponse:
HTTP/1.1 500 Internal Server Error
Access-Control-Allow-Headers: WWW-Authenticate,Keep-Alive,User-Agent,X-Requested-With,Cache-Control,Content-Type,X-WayfarerEID
Access-Control-Allow-Methods: GET, DELETE, POST, PUT, OPTIONS
Cache-Control: no-cache,private,no-store
Connection: keep-alive
Content-Length: 33
Content-Type: application/json; charset=utf-8
Date: Tue, 30 Apr 2019 04:57:46 GMT
Failure-Trace: Saint_500_Failure getting BehindOwnModem from saint
Pragma: no-cache
Server: openresty
Server-Timing: intid;desc=33634ccee829097f
X-Failure-Message: Failed to obtain BehindOwnModem from saint: Required property [sessionId] not found
X-PI-Datacenter: CTEC
x-trace-id: 440bb648ba0f-4cb3-0000000000033253
{&quot;failure&quot;:&quot;InternalServerError&quot;}
	at sth.ipvs.CustomRequest.getJson(CustomRequest.java:39)
	at sth.ipvs.IPVSSmartTvTest.locationapiTWC(IPVSSmartTvTest.java:72)
</failure>
    <system-out>2019-04-30 10:27:45,591 [main] ERROR IPVSSmartTvTest:134 - Error thrown by test: null
java.lang.RuntimeException: error getting json data from https://pi.engnew-spectrum.net/api/smarttv/location/v1?customerGuid=44188798&amp;ip=1.1.1.1&amp;mso=CHARTER&amp;requestId=STHLocation-Charter:
HttpResponse:
HTTP/1.1 500 Internal Server Error
Access-Control-Allow-Headers: WWW-Authenticate,Keep-Alive,User-Agent,X-Requested-With,Cache-Control,Content-Type,X-WayfarerEID
Access-Control-Allow-Methods: GET, DELETE, POST, PUT, OPTIONS
Cache-Control: no-cache,private,no-store
Connection: keep-alive
Content-Length: 33
Content-Type: application/json; charset=utf-8
Date: Tue, 30 Apr 2019 04:57:45 GMT
Failure-Trace: Saint_500_Failure getting BehindOwnModem from saint
Pragma: no-cache
Server: openresty
X-Failure-Message: Failed to obtain BehindOwnModem from saint: Required property [sessionId] not found
X-PI-Datacenter: CTEC
x-trace-id: 440bb648ba0f-4cb3-0000000000033242

{&quot;failure&quot;:&quot;InternalServerError&quot;}
	at sth.ipvs.CustomRequest.getJson(CustomRequest.java:39)
	at sth.ipvs.IPVSSmartTvTest.locationapiCHTR(IPVSSmartTvTest.java:59)
	at sun.reflect.NativeMethodAccessorImpl.invoke0(Native Method)
	at sun.reflect.NativeMethodAccessorImpl.invoke(NativeMethodAccessorImpl.java:62)
	at sun.reflect.DelegatingMethodAccessorImpl.invoke(DelegatingMethodAccessorImpl.java:43)
	at java.lang.reflect.Method.invoke(Method.java:498)
	at org.testng.internal.MethodInvocationHelper.invokeMethod(MethodInvocationHelper.java:124)
	at org.testng.internal.Invoker.invokeMethod(Invoker.java:583)
	at org.testng.internal.Invoker.invokeTestMethod(Invoker.java:719)
	at org.testng.internal.Invoker.invokeTestMethods(Invoker.java:989)
	at org.testng.internal.TestMethodWorker.invokeTestMethods(TestMethodWorker.java:125)
	at org.testng.internal.TestMethodWorker.run(TestMethodWorker.java:109)
	at org.testng.TestRunner.privateRun(TestRunner.java:648)
	at org.testng.TestRunner.run(TestRunner.java:505)
	at org.testng.SuiteRunner.runTest(SuiteRunner.java:455)
	at org.testng.SuiteRunner.runSequentially(SuiteRunner.java:450)
	at org.testng.SuiteRunner.privateRun(SuiteRunner.java:415)
	at org.testng.SuiteRunner.run(SuiteRunner.java:364)
	at org.testng.SuiteRunnerWorker.runSuite(SuiteRunnerWorker.java:52)
	at org.testng.SuiteRunnerWorker.run(SuiteRunnerWorker.java:84)
	at org.testng.TestNG.runSuitesSequentially(TestNG.java:1208)
	at org.testng.TestNG.runSuitesLocally(TestNG.java:1137)
	at org.testng.TestNG.runSuites(TestNG.java:1049)
	at org.testng.TestNG.run(TestNG.java:1017)
	at org.apache.maven.surefire.testng.TestNGExecutor.run(TestNGExecutor.java:77)
	at org.apache.maven.surefire.testng.TestNGDirectoryTestSuite.executeMulti(TestNGDirectoryTestSuite.java:159)
	at org.apache.maven.surefire.testng.TestNGDirectoryTestSuite.execute(TestNGDirectoryTestSuite.java:99)
	at org.apache.maven.surefire.testng.TestNGProvider.invoke(TestNGProvider.java:106)
	at sun.reflect.NativeMethodAccessorImpl.invoke0(Native Method)
	at sun.reflect.NativeMethodAccessorImpl.invoke(NativeMethodAccessorImpl.java:62)
	at sun.reflect.DelegatingMethodAccessorImpl.invoke(DelegatingMethodAccessorImpl.java:43)
	at java.lang.reflect.Method.invoke(Method.java:498)
	at org.apache.maven.surefire.util.ReflectionUtils.invokeMethodWithArray(ReflectionUtils.java:189)
	at org.apache.maven.surefire.booter.ProviderFactory$ProviderProxy.invoke(ProviderFactory.java:165)
	at org.apache.maven.surefire.booter.ProviderFactory.invokeProvider(ProviderFactory.java:85)
	at org.apache.maven.surefire.booter.ForkedBooter.runSuitesInProcess(ForkedBooter.java:115)
	at org.apache.maven.surefire.booter.ForkedBooter.main(ForkedBooter.java:75)
2019-04-30 10:27:45,591 [main] INFO  LoggingReporter:17 - {
   &quot;product&quot; : &quot;IPVS-Demo&quot;,
   &quot;group&quot; : &quot;IPVSSmartTv&quot;,
   &quot;name&quot; : &quot;locationapiCHTR&quot;,
   &quot;description&quot; : &quot;Testing CHTR Account IPVS location api Integration into STH &quot;,
   &quot;status&quot; : &quot;ERROR&quot;,
   &quot;runDescription&quot; : &quot;RuntimeException: error getting json data from https://pi.engnew-spectrum.net/api/smarttv/location/v1?customerGuid=44188798&amp;ip=1.1.1.1&amp;mso=CHARTER&amp;requestId=STHLocation-Charter:\nHttpResponse:\nHTTP/1.1 500 Internal Server Error\nAccess-Control-Allow-Headers: WWW-Authenticate,Keep-Alive,User-Agent,X-Requested-With,Cache&quot;,
   &quot;duration&quot; : 359,
   &quot;productVersion&quot; : &quot;demo-0.0.1&quot;,
   &quot;platform&quot; : &quot;engnew&quot;,
   &quot;username&quot; : &quot;426525&quot;
}
2019-04-30 10:27:45,593 [main] INFO  IPVSSmartTvTest:68 - ########################################################################
2019-04-30 10:27:45,593 [main] INFO  IPVSSmartTvTest:69 - ### locationapiTWC
2019-04-30 10:27:45,593 [main] INFO  IPVSSmartTvTest:71 - ### Testing TWC Account IPVS location api Integration into STH 
2019-04-30 10:27:45,593 [main] INFO  IPVSSmartTvTest:73 - ########################################################################
2019-04-30 10:27:45,594 [main] INFO  RequestFactory:44 - GET https://pi.engnew-spectrum.net/api/smarttv/location/v1?customerGuid=E4EDB341-C62E-E826-7D49-8514CCAB93E9&amp;ip=1.1.1.1&amp;mso=TWC&amp;requestId=STHLocation-TWC
</system-out>
  </testcase>
  <testcase classname="sth.ipvs.IPVSSmartTvTest" name="parentalBlockedChannelsapiCHTR" time="3.045"/>
  <testcase classname="sth.ipvs.IPVSSmartTvTest" name="parentalBlockedChannelsapiTWC" time="2.603"/>
  <testcase classname="sth.ipvs.IPVSSmartTvTest" name="parentalcontrolcallCHTR" time="0.374"/>
  <testcase classname="sth.ipvs.IPVSSmartTvTest" name="parentalcontrolcallTWC" time="0.363"/>
  <testcase classname="sth.ipvs.IPVSSmartTvTest" name="parentalratingapiTWC" time="0.37"/>
  <testcase classname="sth.ipvs.IPVSSmartTvTest" name="parentalratingsapiCHTR" time="0.359"/>
  <testcase classname="sth.ipvs.IPVSSmartTvTest" name="watchListapiCHTR" time="0.459"/>
  <testcase classname="sth.ipvs.IPVSSmartTvTest" name="watchListapiTWC" time="0.455"/>
</testsuite>